#
# There is insufficient memory for the Java Runtime Environment to continue.
# Native memory allocation (mmap) failed to map 134217728 bytes for Failed to commit area from 0x00000000a1c00000 to 0x00000000a9c00000 of length 134217728.
# Possible reasons:
#   The system is out of physical RAM or swap space
#   The process is running with CompressedOops enabled, and the Java Heap may be blocking the growth of the native heap
# Possible solutions:
#   Reduce memory load on the system
#   Increase physical memory or swap space
#   Check if swap backing store is full
#   Decrease Java heap size (-Xmx/-Xms)
#   Decrease number of Java threads
#   Decrease Java thread stack sizes (-Xss)
#   Set larger code cache with -XX:ReservedCodeCacheSize=
# This output file may be truncated or incomplete.
#
#  Out of Memory Error (./src/hotspot/os/windows/os_windows.cpp:3303), pid=14364, tid=11772
#
# JRE version:  (11.0.9.1+11) (build )
# Java VM: OpenJDK 64-Bit Server VM (11.0.9.1+11-b1145.77, mixed mode, sharing, tiered, compressed oops, g1 gc, windows-amd64)
# No core dump will be written. Minidumps are not enabled by default on client versions of Windows
#

---------------  S U M M A R Y ------------

Command Line: -Djava.net.preferIPv4Stack=true -Djava.rmi.server.hostname=127.0.0.1 -Duser.timezone=UTC -Xmx1508m -Xms128m -Dfile.encoding=UTF-8 com.intellij.database.remote.RemoteJdbcServer com.mysql.cj.jdbc.Driver

Host: Intel(R) Core(TM) i7-10510U CPU @ 1.80GHz, 8 cores, 7G,  Windows 10 , 64 bit Build 19041 (10.0.19041.662)
Time: Fri Feb  5 20:25:02 2021 Sri Lanka Standard Time elapsed time: 1.719713 seconds (0d 0h 0m 1s)

---------------  T H R E A D  ---------------

Current thread (0x000001f1c84f8800):  JavaThread "Unknown thread" [_thread_in_vm, id=11772, stack(0x0000005dfe700000,0x0000005dfe800000)]

Stack: [0x0000005dfe700000,0x0000005dfe800000]
Native frames: (J=compiled Java code, j=interpreted, Vv=VM code, C=native code)
V  [jvm.dll+0x5edd9a]
V  [jvm.dll+0x7229c5]
V  [jvm.dll+0x723f1d]
V  [jvm.dll+0x7245d3]
V  [jvm.dll+0x2431b8]
V  [jvm.dll+0x5eb234]
V  [jvm.dll+0x5e0325]
V  [jvm.dll+0x2fe60b]
V  [jvm.dll+0x2fe57a]
V  [jvm.dll+0x2fe452]
V  [jvm.dll+0x303346]
V  [jvm.dll+0x34ba83]
V  [jvm.dll+0x34c186]
V  [jvm.dll+0x34bb83]
V  [jvm.dll+0x2d9218]
V  [jvm.dll+0x2da3c7]
V  [jvm.dll+0x701a67]
V  [jvm.dll+0x70325c]
V  [jvm.dll+0x359049]
V  [jvm.dll+0x6e552e]
V  [jvm.dll+0x3c1353]
V  [jvm.dll+0x3c3571]
C  [jli.dll+0x5373]
C  [ucrtbase.dll+0x214c2]
C  [KERNEL32.DLL+0x17034]
C  [ntdll.dll+0x4d0d1]


---------------  P R O C E S S  ---------------

Threads class SMR info:
_java_thread_list=0x000001f1c6c14500, length=0, elements={
}

Java Threads: ( => current thread )

Other Threads:
  0x000001f1c8515000 GCTaskThread "GC Thread#0" [stack: 0x0000005dfe800000,0x0000005dfe900000] [id=16300]
  0x000001f1c8539800 ConcurrentGCThread "G1 Main Marker" [stack: 0x0000005dfe900000,0x0000005dfea00000] [id=15676]
  0x000001f1c853b800 ConcurrentGCThread "G1 Conc#0" [stack: 0x0000005dfea00000,0x0000005dfeb00000] [id=13396]

[error occurred during error reporting (printing all threads), id 0xc0000005, EXCEPTION_ACCESS_VIOLATION (0xc0000005) at pc=0x00007ffc27349807]

VM state:not at safepoint (not fully initialized)

VM Mutex/Monitor currently owned by a thread:  ([mutex/lock_event])
[0x000001f1c84f6970] Heap_lock - owner thread: 0x000001f1c84f8800

Heap address: 0x00000000a1c00000, size: 1508 MB, Compressed Oops mode: Non-zero based: 0x00000000a1c00000
Narrow klass base: 0x0000000000000000, Narrow klass shift: 0

GC Heap History (0 events):
No events

Deoptimization events (0 events):
No events

Classes redefined (0 events):
No events

Internal exceptions (0 events):
No events

Events (1 events):
Event: 0.006 Loaded shared library C:\Program Files\JetBrains\IntelliJ IDEA 2019.3.2\jbr\bin\zip.dll


Dynamic libraries:
0x00007ff750930000 - 0x00007ff75093a000 	C:\Program Files\JetBrains\IntelliJ IDEA 2019.3.2\jbr\bin\java.exe
0x00007ffc7a810000 - 0x00007ffc7aa06000 	C:\WINDOWS\SYSTEM32\ntdll.dll
0x00007ffc79c90000 - 0x00007ffc79d4d000 	C:\WINDOWS\System32\KERNEL32.DLL
0x00007ffc78170000 - 0x00007ffc78439000 	C:\WINDOWS\System32\KERNELBASE.dll
0x00007ffc78070000 - 0x00007ffc78170000 	C:\WINDOWS\System32\ucrtbase.dll
0x00007ffc74f80000 - 0x00007ffc74f99000 	C:\Program Files\JetBrains\IntelliJ IDEA 2019.3.2\jbr\bin\jli.dll
0x00007ffc73220000 - 0x00007ffc73237000 	C:\Program Files\JetBrains\IntelliJ IDEA 2019.3.2\jbr\bin\VCRUNTIME140.dll
0x00007ffc79d50000 - 0x00007ffc79ef0000 	C:\WINDOWS\System32\USER32.dll
0x00007ffc78600000 - 0x00007ffc78622000 	C:\WINDOWS\System32\win32u.dll
0x00007ffc79780000 - 0x00007ffc797aa000 	C:\WINDOWS\System32\GDI32.dll
0x00007ffc772e0000 - 0x00007ffc7757b000 	C:\WINDOWS\WinSxS\amd64_microsoft.windows.common-controls_6595b64144ccf1df_6.0.19041.746_none_ca02b4b61b8320a4\COMCTL32.dll
0x00007ffc78440000 - 0x00007ffc7854b000 	C:\WINDOWS\System32\gdi32full.dll
0x00007ffc797b0000 - 0x00007ffc7984e000 	C:\WINDOWS\System32\msvcrt.dll
0x00007ffc77f50000 - 0x00007ffc77fed000 	C:\WINDOWS\System32\msvcp_win.dll
0x00007ffc79080000 - 0x00007ffc790b0000 	C:\WINDOWS\System32\IMM32.DLL
0x00007ffc71890000 - 0x00007ffc7192d000 	C:\Program Files\JetBrains\IntelliJ IDEA 2019.3.2\jbr\bin\msvcp140.dll
0x00007ffc27060000 - 0x00007ffc27b2e000 	C:\Program Files\JetBrains\IntelliJ IDEA 2019.3.2\jbr\bin\server\jvm.dll
0x00007ffc7a450000 - 0x00007ffc7a4fc000 	C:\WINDOWS\System32\ADVAPI32.dll
0x00007ffc79ef0000 - 0x00007ffc79f8c000 	C:\WINDOWS\System32\sechost.dll
0x00007ffc799b0000 - 0x00007ffc79adb000 	C:\WINDOWS\System32\RPCRT4.dll
0x00007ffc7a3a0000 - 0x00007ffc7a3a8000 	C:\WINDOWS\System32\PSAPI.DLL
0x00007ffc74f60000 - 0x00007ffc74f69000 	C:\WINDOWS\SYSTEM32\WSOCK32.dll
0x00007ffc67370000 - 0x00007ffc67397000 	C:\WINDOWS\SYSTEM32\WINMM.dll
0x00007ffc79850000 - 0x00007ffc798bb000 	C:\WINDOWS\System32\WS2_32.dll
0x00007ffc6cea0000 - 0x00007ffc6ceaa000 	C:\WINDOWS\SYSTEM32\VERSION.dll
0x00007ffc761a0000 - 0x00007ffc761b2000 	C:\WINDOWS\SYSTEM32\kernel.appcore.dll
0x00007ffc5aa40000 - 0x00007ffc5aa51000 	C:\Program Files\JetBrains\IntelliJ IDEA 2019.3.2\jbr\bin\verify.dll
0x00007ffc77970000 - 0x00007ffc77b54000 	C:\WINDOWS\SYSTEM32\DBGHELP.DLL
0x00007ffc77720000 - 0x00007ffc7774c000 	C:\WINDOWS\SYSTEM32\dbgcore.DLL
0x00007ffc77ff0000 - 0x00007ffc78070000 	C:\WINDOWS\System32\bcryptPrimitives.dll
0x00007ffc54bd0000 - 0x00007ffc54bf9000 	C:\Program Files\JetBrains\IntelliJ IDEA 2019.3.2\jbr\bin\java.dll
0x00007ffc71cd0000 - 0x00007ffc71cdb000 	C:\Program Files\JetBrains\IntelliJ IDEA 2019.3.2\jbr\bin\jimage.dll
0x00007ffc54bb0000 - 0x00007ffc54bc8000 	C:\Program Files\JetBrains\IntelliJ IDEA 2019.3.2\jbr\bin\zip.dll

dbghelp: loaded successfully - version: 4.0.5 - missing functions: none
symbol engine: initialized successfully - sym options: 0x614 - pdb path: .;C:\Program Files\JetBrains\IntelliJ IDEA 2019.3.2\jbr\bin;C:\WINDOWS\SYSTEM32;C:\WINDOWS\WinSxS\amd64_microsoft.windows.common-controls_6595b64144ccf1df_6.0.19041.746_none_ca02b4b61b8320a4;C:\Program Files\JetBrains\IntelliJ IDEA 2019.3.2\jbr\bin\server

VM Arguments:
jvm_args: -Djava.net.preferIPv4Stack=true -Djava.rmi.server.hostname=127.0.0.1 -Duser.timezone=UTC -Xmx1508m -Xms128m -Dfile.encoding=UTF-8 
java_command: com.intellij.database.remote.RemoteJdbcServer com.mysql.cj.jdbc.Driver
java_class_path (initial): C:\Program Files\JetBrains\IntelliJ IDEA 2019.3.2\lib\util.jar;C:\Program Files\JetBrains\IntelliJ IDEA 2019.3.2\lib\trove4j.jar;C:\Program Files\JetBrains\IntelliJ IDEA 2019.3.2\lib\groovy-2.5.11.jar;C:\Program Files\JetBrains\IntelliJ IDEA 2019.3.2\plugins\DatabaseTools\lib\jdbc-console.jar;C:\Users\Asus\AppData\Roaming\JetBrains\IntelliJIdea2020.3\jdbc-drivers\MySQL ConnectorJ\8.0.21\mysql-connector-java-8.0.21.jar
Launcher Type: SUN_STANDARD

[Global flags]
     intx CICompilerCount                          = 4                                         {product} {ergonomic}
     uint ConcGCThreads                            = 2                                         {product} {ergonomic}
     uint G1ConcRefinementThreads                  = 8                                         {product} {ergonomic}
   size_t G1HeapRegionSize                         = 1048576                                   {product} {ergonomic}
    uintx GCDrainStackTargetSize                   = 64                                        {product} {ergonomic}
   size_t InitialHeapSize                          = 134217728                                 {product} {command line}
   size_t MarkStackSize                            = 4194304                                   {product} {ergonomic}
   size_t MaxHeapSize                              = 1581252608                                {product} {command line}
   size_t MinHeapDeltaBytes                        = 1048576                                   {product} {ergonomic}
    uintx NonNMethodCodeHeapSize                   = 5836300                                {pd product} {ergonomic}
    uintx NonProfiledCodeHeapSize                  = 122910970                              {pd product} {ergonomic}
    uintx ProfiledCodeHeapSize                     = 122910970                              {pd product} {ergonomic}
    uintx ReservedCodeCacheSize                    = 251658240                              {pd product} {ergonomic}
     bool SegmentedCodeCache                       = true                                      {product} {ergonomic}
     bool UseCompressedClassPointers               = true                                 {lp64_product} {ergonomic}
     bool UseCompressedOops                        = true                                 {lp64_product} {ergonomic}
     bool UseG1GC                                  = true                                      {product} {ergonomic}
     bool UseLargePagesIndividualAllocation        = false                                  {pd product} {ergonomic}

Logging:
Log output configuration:
 #0: stdout all=warning uptime,level,tags
 #1: stderr all=off uptime,level,tags

Environment Variables:
JAVA_HOME=C:\Program Files\Java\jdk1.8.0_121
PATH=C:\Program Files (x86)\Common Files\Oracle\Java\javapath;C:\ProgramData\Oracle\Java\javapath;C:\Windows\system32;C:\Windows;C:\Windows\System32\Wbem;C:\Windows\System32\WindowsPowerShell\v1.0\;C:\Windows\System32\OpenSSH\;C:\Program Files (x86)\NVIDIA Corporation\PhysX\Common;C:\Program Files\MySQL\MySQL Server 5.7\bin;C:\Program Files\Git\cmd;C:\Program Files (x86)\Meld;C:\Program Files\apache-maven-3.6.3-bin\apache-maven-3.6.3\bin;C:\Program Files\Java\jdk1.8.0_121\bin;C:\Program Files\nodejs\;C:\WINDOWS\system32;C:\WINDOWS;C:\WINDOWS\System32\Wbem;C:\WINDOWS\System32\WindowsPowerShell\v1.0\;C:\WINDOWS\System32\OpenSSH\;C:\Program Files\Docker\Docker\resources\bin;C:\ProgramData\DockerDesktop\version-bin;C:\Program Files\MySQL\MySQL Shell 8.0\bin\;C:\Users\Asus\AppData\Roaming\npm;C:\Users\Asus\AppData\Local\Programs\Microsoft VS Code\bin;C:\Users\Asus\AppData\Local\Microsoft\WindowsApps;
USERNAME=Asus
OS=Windows_NT
PROCESSOR_IDENTIFIER=Intel64 Family 6 Model 142 Stepping 12, GenuineIntel



---------------  S Y S T E M  ---------------

OS: Windows 10 , 64 bit Build 19041 (10.0.19041.662)
OS uptime: 2 days 0:48 hours
HyperV virtualization detected

CPU:total 8 (initial active 8) (4 cores per cpu, 2 threads per core) family 6 model 142 stepping 12, cmov, cx8, fxsr, mmx, sse, sse2, sse3, ssse3, sse4.1, sse4.2, popcnt, avx, avx2, aes, clmul, erms, 3dnowpref, lzcnt, ht, tsc, tscinvbit, bmi1, bmi2, adx, fma

Memory: 4k page, system-wide physical 8042M (623M free)
TotalPageFile size 12090M (AvailPageFile size 102M)
current process WorkingSet (physical memory assigned to process): 9M, peak: 9M
current process commit charge ("private bytes"): 59M, peak: 187M

vm_info: OpenJDK 64-Bit Server VM (11.0.9.1+11-b1145.77) for windows-amd64 JRE (11.0.9.1+11-b1145.77), built on Jan 16 2021 05:14:13 by "" with MS VC++ 14.0 (VS2015)

END.
